<?xml version="1.0" encoding="UTF-8"?>
<testsuite xmlns:xsi="http://www.w3.org/2001/XMLSchema-instance" xsi:noNamespaceSchemaLocation="https://maven.apache.org/surefire/maven-surefire-plugin/xsd/surefire-test-report.xsd" version="3.0.2" name="Examples.LoginTest" time="8.55" tests="2" errors="0" skipped="0" failures="0">
  <properties>
[...]
</properties>
  <testcase name="loginTestSheet1[{UserName=student, Password=Password123}](1)" classname="Examples.LoginTest" time="1.444">
    <system-out><![CDATA[
=== DataProvider STARTED → Method: loginTestSheet1 | Sheet Requested: Sheet1 ===

=== DataProvider STARTED → Method: loginTestSheet2 | Sheet Requested: Sheet2 ===
2026-03-16T00:19:19.716896800Z TestNG-test-Surefire test-2 ERROR Log4j2 could not find a logging implementation. Please add log4j-core to the classpath. Using SimpleLogger to log to the console...
   → Total rows in sheet: 2
   → Total rows in sheet: 2
   → Total columns: 2
   → Total columns: 2
   Header[0]: 'UserName'
   Header[0]: 'UserName'
   Header[1]: 'Password'
   Header[1]: 'Password'
=== DataProvider FINISHED for 'Sheet1' → Loaded 1 valid row(s) ===

=== DataProvider FINISHED for 'Sheet2' → Loaded 1 valid row(s) ===

]]></system-out>
    <system-err><![CDATA[SLF4J(W): No SLF4J providers were found.
SLF4J(W): Defaulting to no-operation (NOP) logger implementation
SLF4J(W): See https://www.slf4j.org/codes.html#noProviders for further details.
Mar 16, 2026 3:19:21 AM org.openqa.selenium.devtools.CdpVersionFinder findNearestMatch
WARNING: Unable to find CDP implementation matching 145
Mar 16, 2026 3:19:21 AM org.openqa.selenium.devtools.CdpVersionFinder findNearestMatch
WARNING: Unable to find CDP implementation matching 145
Mar 16, 2026 3:19:21 AM org.openqa.selenium.chromium.ChromiumDriver lambda$new$5
WARNING: Unable to find version of CDP to use for 145.0.7632.160. You may need to include a dependency on a specific version of the CDP using something similar to `org.seleniumhq.selenium:selenium-devtools-v86:4.25.0` where the version ("v86") matches the version of the chromium-based browser you're using and the version number of the artifact is the same as Selenium's.
Mar 16, 2026 3:19:21 AM org.openqa.selenium.chromium.ChromiumDriver lambda$new$5
WARNING: Unable to find version of CDP to use for 145.0.7632.160. You may need to include a dependency on a specific version of the CDP using something similar to `org.seleniumhq.selenium:selenium-devtools-v86:4.25.0` where the version ("v86") matches the version of the chromium-based browser you're using and the version number of the artifact is the same as Selenium's.
]]></system-err>
  </testcase>
  <testcase name="loginTestSheet2[{UserName=student, Password=Password123}](1)" classname="Examples.LoginTest" time="1.453"/>
</testsuite>